2019-11-07 10:54:00 INFO  StudentController:28 - get Students request
2019-11-07 13:14:03 INFO  StudentController:28 - get Students request
2019-11-08 09:51:43 INFO  MentorController:30 - get mentor request
2019-11-08 09:52:15 INFO  MentorController:24 - get mentors request
2019-11-08 09:52:23 INFO  ArtifactController:19 - get artifact request
2019-11-08 09:52:30 INFO  ArtifactController:25 - get artifact request
2019-11-08 09:52:54 INFO  StudentController:26 - get Students request
2019-11-08 09:53:49 INFO  StudentController:36 - put student request
2019-11-08 10:07:47 INFO  StudentController:26 - get Students request
2019-11-08 10:08:05 INFO  ArtifactController:19 - get artifact request
2019-11-08 10:08:43 INFO  ArtifactController:19 - get artifact request
2019-11-08 10:08:53 INFO  MentorController:24 - get mentors request
2019-11-11 15:15:34 INFO  MentorController:30 - get mentor request
2019-11-11 15:16:40 INFO  MentorController:30 - get mentor request
2019-11-11 15:18:05 INFO  MentorController:30 - get mentor request
2019-11-11 15:19:47 INFO  MentorController:30 - get mentor request
2019-11-11 15:31:05 INFO  MentorController:27 - get mentors request
2019-11-11 15:31:15 INFO  MentorController:33 - get mentor request
2019-11-11 15:32:04 INFO  MentorController:27 - get mentors request
2019-11-11 15:32:11 INFO  MentorController:33 - get mentor request
2019-11-11 15:37:57 INFO  ArtifactController:19 - get artifact request
2019-11-11 15:38:03 INFO  ArtifactController:25 - get artifact request
2019-11-11 15:38:07 INFO  ArtifactController:25 - get artifact request
2019-11-11 15:43:25 INFO  ArtifactController:25 - get artifact request
2019-11-11 15:43:35 INFO  MentorController:33 - get mentor request
2019-11-11 15:43:39 INFO  MentorController:33 - get mentor request
2019-11-11 15:44:56 INFO  MentorController:33 - get mentor request
2019-11-12 18:48:55 INFO  MentorController:27 - get mentors request
2019-11-12 18:49:03 INFO  MentorController:33 - get mentor request
2019-11-12 18:49:07 INFO  MentorController:33 - get mentor request
2019-11-12 19:01:51 INFO  MentorController:41 - get mentor request
2019-11-12 19:01:55 INFO  MentorController:41 - get mentor request
2019-11-12 19:07:32 INFO  MentorController:41 - get mentor request
2019-11-12 21:03:55 INFO  MentorController:41 - get mentor request
2019-11-12 21:07:30 INFO  MentorController:33 - get mentor request
2019-11-12 21:08:10 INFO  MentorController:33 - get mentor request
